
============================================================
[publish] Repo:    /home/vaisakh/vnv_website/vaisakhnv.github.io
[publish] Message: basic plain vanilla website ready
[publish] Hugo:    hugo v0.153.1-8e6cac8462d210f611154068eaa24c4461357653+extended linux/amd64 BuildDate=2025-12-20T15:15:53Z VendorInfo=gohugoio
[publish] Log:     /home/vaisakh/vnv_website/vaisakhnv.github.io/publish_20251223_203757.log
============================================================

+ echo '[publish] Cleaning previous published output in repo root...'
[publish] Cleaning previous published output in repo root...
+ rm -rf about research projects publications contact categories tags assets page public
+ rm -f index.html index.xml sitemap.xml 404.html
+ echo '[publish] Building Hugo site -> repo root...'
[publish] Building Hugo site -> repo root...
+ hugo --source site --destination /home/vaisakh/vnv_website/vaisakhnv.github.io --cleanDestinationDir
Start building sites … 
hugo v0.153.1-8e6cac8462d210f611154068eaa24c4461357653+extended linux/amd64 BuildDate=2025-12-20T15:15:53Z VendorInfo=gohugoio


                  │ EN 
──────────────────┼────
 Pages            │ 13 
 Paginator pages  │  0 
 Non-page files   │  0 
 Static files     │  0 
 Processed images │  0 
 Aliases          │  0 
 Cleaned          │  0 

Total in 505 ms
+ echo '[publish] Verifying build output...'
[publish] Verifying build output...
+ test -f index.html
+ test -d assets
+ echo '[publish] Ensuring .nojekyll...'
[publish] Ensuring .nojekyll...
+ touch .nojekyll
+ echo

+ echo '[publish] Git status:'
[publish] Git status:
+ git status -sb
## main...origin/main
 M 404.html
 M about/index.html
 M categories/index.html
 M contact/index.html
 M index.html
 M index.xml
 M projects/index.html
 M publications/index.html
 M publish_20251223_110839.log
 D research/index.html
 M site/content/about.md
 M site/content/contact.md
 M site/content/projects.md
 M site/content/publications.md
 D site/content/research.md
 M site/hugo.toml
 M sitemap.xml
 M tags/index.html
?? experience/
?? publish_20251223_203757.log
?? site/content/experience.md
+ echo

+ echo '[publish] Staging...'
[publish] Staging...
+ git add -A
